Sat Sep 28 13:48:02 EDT 2024
c0702a-s6.ufhpc
/blue/mateescu/gzayas97/BOA_Estimation/code/Breed_of_Origin
Waiting for Step 1 jobs to complete...
          Waiting for job 45809105 to complete...
          Job 45809105 is PENDING. Checking again in 5 minutes...
          Job 45809105 is RUNNING. Checking again in 5 minutes...

Waiting for Step 2 jobs to complete...
          Waiting for job 45809105 to complete...

          Waiting for job 45809824 to complete...
          Job 45809824 is PENDING. Checking again in 5 minutes...
          Job 45809824 is RUNNING. Checking again in 5 minutes...

Waiting for Step 3 jobs to complete...
          Waiting for job 45809105 to complete...

          Waiting for job 45809824 to complete...

          Waiting for job 45810330 to complete...
          Job 45810330 is PENDING. Checking again in 5 minutes...
          Job 45810330 is RUNNING. Checking again in 5 minutes...
          Job 45810330 is RUNNING. Checking again in 5 minutes...

Waiting for Step 4 jobs to complete...
          Waiting for job 45809105 to complete...

          Waiting for job 45809824 to complete...

          Waiting for job 45810330 to complete...

          Waiting for job 45811077 to complete...
          Job 45811077 is PENDING. Checking again in 5 minutes...
          Job 45811077 is RUNNING. Checking again in 5 minutes...
          Job 45811077 is RUNNING. Checking again in 5 minutes...
          Job 45811077 is RUNNING. Checking again in 5 minutes...
          Job 45811077 is RUNNING. Checking again in 5 minutes...
          Job 45811077 is RUNNING. Checking again in 5 minutes...
          Job 45811077 is RUNNING. Checking again in 5 minutes...
          Job 45811077 is RUNNING. Checking again in 5 minutes...
          Job 45811077 is RUNNING. Checking again in 5 minutes...
          Job 45811077 is RUNNING. Checking again in 5 minutes...
          Job 45811077 is RUNNING. Checking again in 5 minutes...
          Job 45811077 is RUNNING. Checking again in 5 minutes...
          Job 45811077 is RUNNING. Checking again in 5 minutes...
          Job 45811077 is RUNNING. Checking again in 5 minutes...

Pipeline completed successfully!
