Sat Sep 28 12:18:02 EDT 2024
c0704a-s9.ufhpc
/blue/mateescu/gzayas97/BOA_Estimation/code/Breed_of_Origin
Waiting for Step 1 jobs to complete...
          Waiting for job 45803268 to complete...
          Job 45803268 is PENDING. Checking again in 5 minutes...
          Job 45803268 is RUNNING. Checking again in 5 minutes...

Waiting for Step 2 jobs to complete...
          Waiting for job 45803268 to complete...

          Waiting for job 45803715 to complete...
          Job 45803715 is PENDING. Checking again in 5 minutes...
          Job 45803715 is RUNNING. Checking again in 5 minutes...

Waiting for Step 3 jobs to complete...
          Waiting for job 45803268 to complete...

          Waiting for job 45803715 to complete...

          Waiting for job 45804210 to complete...
          Job 45804210 is PENDING. Checking again in 5 minutes...
          Job 45804210 is RUNNING. Checking again in 5 minutes...
          Job 45804210 is RUNNING. Checking again in 5 minutes...
          Job 45804210 is RUNNING. Checking again in 5 minutes...

Waiting for Step 4 jobs to complete...
          Waiting for job 45803268 to complete...

          Waiting for job 45803715 to complete...

          Waiting for job 45804210 to complete...

          Waiting for job 45805271 to complete...
          Job 45805271 is PENDING. Checking again in 5 minutes...
          Job 45805271 is RUNNING. Checking again in 5 minutes...
          Job 45805271 is RUNNING. Checking again in 5 minutes...
          Job 45805271 is RUNNING. Checking again in 5 minutes...
          Job 45805271 is RUNNING. Checking again in 5 minutes...
          Job 45805271 is RUNNING. Checking again in 5 minutes...
          Job 45805271 is RUNNING. Checking again in 5 minutes...
          Job 45805271 is RUNNING. Checking again in 5 minutes...
          Job 45805271 is RUNNING. Checking again in 5 minutes...
          Job 45805271 is RUNNING. Checking again in 5 minutes...
          Job 45805271 is RUNNING. Checking again in 5 minutes...
          Job 45805271 is RUNNING. Checking again in 5 minutes...
          Job 45805271 is RUNNING. Checking again in 5 minutes...
          Job 45805271 is RUNNING. Checking again in 5 minutes...
          Job 45805271 is RUNNING. Checking again in 5 minutes...
          Job 45805271 is RUNNING. Checking again in 5 minutes...

Pipeline completed successfully!
